<?xml version="1.0" encoding="UTF-8"?>
<testsuite name="TestSuite" time="19.177" tests="2" errors="0" skipped="0" failures="0">
  <properties>
    <property name="JOB_NAME" value="Setup Maven Job"/>
    <property name="java.vendor" value="Oracle Corporation"/>
    <property name="sun.java.launcher" value="SUN_STANDARD"/>
    <property name="RUN_TESTS_DISPLAY_URL" value="http://localhost:8080/rajtest083/job/Setup%20Maven%20Job/19/display/redirect?page=tests"/>
    <property name="NUMBER_OF_PROCESSORS" value="12"/>
    <property name="sun.management.compiler" value="HotSpot 64-Bit Tiered Compilers"/>
    <property name="JENKINS_HOME" value="C:\Users\rajya\.jenkins"/>
    <property name="HUDSON_SERVER_COOKIE" value="41b0f4c6e0bc843e"/>
    <property name="POM_ARTIFACTID" value="Selenium_Prep_Java"/>
    <property name="os.name" value="Windows 11"/>
    <property name="RegionCode" value="APJ"/>
    <property name="EXECUTOR_NUMBER" value="1"/>
    <property name="PATHEXT" value=".COM;.EXE;.BAT;.CMD;.VBS;.VBE;.JS;.JSE;.WSF;.WSH;.MSC"/>
    <property name="POM_DISPLAYNAME" value="Selenium_Prep_Java"/>
    <property name="java.vm.specification.vendor" value="Oracle Corporation"/>
    <property name="TEMP" value="C:\Users\rajya\AppData\Local\Temp"/>
    <property name="NODE_LABELS" value="built-in"/>
    <property name="java.runtime.version" value="17.0.10+11-LTS-240"/>
    <property name="user.name" value="rajya"/>
    <property name="guice.disable.misplaced.annotation.check" value="true"/>
    <property name="CommonProgramW6432" value="C:\Program Files\Common Files"/>
    <property name="ProgramFiles" value="C:\Program Files"/>
    <property name="OnlineServices" value="Online Services"/>
    <property name="PROMPT" value="$P$G"/>
    <property name="user.language" value="en"/>
    <property name="JOB_BASE_NAME" value="Setup Maven Job"/>
    <property name="RUN_CHANGES_DISPLAY_URL" value="http://localhost:8080/rajtest083/job/Setup%20Maven%20Job/19/display/redirect?page=changes"/>
    <property name="BUILD_DISPLAY_NAME" value="#19"/>
    <property name="OneDrive" value="C:\Users\rajya\OneDrive"/>
    <property name="sun.boot.library.path" value="C:\Program Files\Java\jdk-17\bin"/>
    <property name="EFC_22060" value="1"/>
    <property name="java.vm.compressedOopsMode" value="Zero based"/>
    <property name="LOCALAPPDATA" value="C:\Users\rajya\AppData\Local"/>
    <property name="java.version" value="17.0.10"/>
    <property name="user.timezone" value="Asia/Calcutta"/>
    <property name="PROCESSOR_LEVEL" value="6"/>
    <property name="USERNAME" value="rajya"/>
    <property name="sun.arch.data.model" value="64"/>
    <property name="NODE_NAME" value="built-in"/>
    <property name="OneDriveConsumer" value="C:\Users\rajya\OneDrive"/>
    <property name="BUILD_ID" value="19"/>
    <property name="sun.cpu.isalist" value="amd64"/>
    <property name="sun.jnu.encoding" value="Cp1252"/>
    <property name="maven.conf" value="C:\maven\apache-maven-3.9.4\conf"/>
    <property name="HOMEDRIVE" value="C:"/>
    <property name="file.separator" value="\"/>
    <property name="java.specification.name" value="Java Platform API Specification"/>
    <property name="java.class.version" value="61.0"/>
    <property name="IGCCSVC_DB" value="AQAAANCMnd8BFdERjHoAwE/Cl+sBAAAAGm6PFgCAJUuT0CpYaAIH4gQAAAACAAAAAAAQZgAAAAEAACAAAAAMLl6T0gaNsa04x6NQxJNYSRCvz5hSotRPkuMuGaoPwgAAAAAOgAAAAAIAACAAAABSekn6ztXG014amGji+48jj7LX2VuBxHR7u28p012vK2AAAADqMpxvauPgeXYAh6LZNQPsVgukKMLRiLP05k/4woLpRn7hbBQoKuvGRF/UHH5qjhfROHxLhg561yzlJv+lSqnaUYrOZKzM29Rdrndv97S788/ltIJT8cM17yhbeq8zd8NAAAAAnmSykJQlWXvZW5rAKCjh3xawt/rdTSTML5v4YnhoXE8/oWVrvwszHNPSLDDHlDB0dLgfIAlU3FjYCUNiGW7CCw=="/>
    <property name="=::" value="::\"/>
    <property name="org.slf4j.simpleLogger.defaultLogLevel" value="info"/>
    <property name="user.country" value="IN"/>
    <property name="ALLUSERSPROFILE" value="C:\ProgramData"/>
    <property name="java.home" value="C:\Program Files\Java\jdk-17"/>
    <property name="java.vm.info" value="mixed mode, sharing"/>
    <property name="os.version" value="10.0"/>
    <property name="platformcode" value="KV"/>
    <property name="RUN_DISPLAY_URL" value="http://localhost:8080/rajtest083/job/Setup%20Maven%20Job/19/display/redirect"/>
    <property name="POM_VERSION" value="0.0.1-SNAPSHOT"/>
    <property name="TMP" value="C:\Users\rajya\AppData\Local\Temp"/>
    <property name="path.separator" value=";"/>
    <property name="RUN_ARTIFACTS_DISPLAY_URL" value="http://localhost:8080/rajtest083/job/Setup%20Maven%20Job/19/display/redirect?page=artifacts"/>
    <property name="java.vm.version" value="17.0.10+11-LTS-240"/>
    <property name="user.variant" value=""/>
    <property name="CommonProgramFiles(x86)" value="C:\Program Files (x86)\Common Files"/>
    <property name="JOB_DISPLAY_URL" value="http://localhost:8080/rajtest083/job/Setup%20Maven%20Job/display/redirect"/>
    <property name="USERDOMAIN_ROAMINGPROFILE" value="PRIYAANSH"/>
    <property name="CommonProgramFiles" value="C:\Program Files\Common Files"/>
    <property name="sun.io.unicode.encoding" value="UnicodeLittle"/>
    <property name="JAVA_HOME" value="C:\Program Files\Java\jdk-17"/>
    <property name="ComSpec" value="C:\WINDOWS\system32\cmd.exe"/>
    <property name="HOMEPATH" value="\Users\rajya"/>
    <property name="POM_PACKAGING" value="jar"/>
    <property name="COMPUTERNAME" value="PRIYAANSH"/>
    <property name="user.script" value=""/>
    <property name="POM_GROUPID" value="Selenium_Prep_Java_Maven"/>
    <property name="user.home" value="C:\Users\rajya"/>
    <property name="PUBLIC" value="C:\Users\Public"/>
    <property name="BUILD_TAG" value="jenkins-Setup Maven Job-19"/>
    <property name="JENKINS_SERVER_COOKIE" value="41b0f4c6e0bc843e"/>
    <property name="HUDSON_URL" value="http://localhost:8080/rajtest083/"/>
    <property name="ProgramData" value="C:\ProgramData"/>
    <property name="java.version.date" value="2024-01-16"/>
    <property name="java.specification.vendor" value="Oracle Corporation"/>
    <property name="USERPROFILE" value="C:\Users\rajya"/>
    <property name="CLASSPATH" value=""/>
    <property name="java.library.path" value="C:\Program Files\Java\jdk-17\bin;C:\WINDOWS\Sun\Java\bin;C:\WINDOWS\system32;C:\WINDOWS;C:\maven\apache-maven-3.9.4/bin;C:\Program Files\Java\jdk-17/bin;C:\Program Files\Java\jdk-17/bin;C:\Program Files\Common Files\Oracle\Java\javapath;C:\Program Files (x86)\Common Files\Oracle\Java\javapath;C:\WINDOWS\system32;C:\WINDOWS;C:\WINDOWS\System32\Wbem;C:\WINDOWS\System32\WindowsPowerShell\v1.0\;C:\WINDOWS\System32\OpenSSH\;C:\Program Files\dotnet\;C:\maven\apache-maven-3.9.4\bin;C:\Program Files\Git\cmd;C:\Program Files\nodejs\;C:\Android\platform-tools;C:\Android\cmdline-tools\tools\bin;;C:\Program Files\HP\HP One Agent;C:\Program Files\Java\jdk-17\bin;C:\Users\rajya\AppData\Local\Microsoft\WindowsApps;C:\Users\rajya\AppData\Roaming\npm;."/>
    <property name="java.vendor.url" value="https://java.oracle.com/"/>
    <property name="java.vm.vendor" value="Oracle Corporation"/>
    <property name="APPDATA" value="C:\Users\rajya\AppData\Roaming"/>
    <property name="ZES_ENABLE_SYSMAN" value="1"/>
    <property name="Maven_Home" value="C:\maven\apache-maven-3.9.4"/>
    <property name="java.runtime.name" value="Java(TM) SE Runtime Environment"/>
    <property name="maven.home" value="C:\maven\apache-maven-3.9.4"/>
    <property name="java.class.path" value="C:\Users\rajya\.jenkins\plugins\maven-plugin\WEB-INF\lib\maven35-agent-1.14.jar;C:\maven\apache-maven-3.9.4\boot\plexus-classworlds-2.7.0.jar;C:\maven\apache-maven-3.9.4/conf/logging"/>
    <property name="sun.java.command" value="jenkins.maven3.agent.Maven35Main C:\maven\apache-maven-3.9.4 C:\Users\rajya\.jenkins\war\WEB-INF\lib\remoting-3160.vd76b_9ddd10cc.jar C:\Users\rajya\.jenkins\plugins\maven-plugin\WEB-INF\lib\maven35-interceptor-1.14.jar C:\Users\rajya\.jenkins\plugins\maven-plugin\WEB-INF\lib\maven3-interceptor-commons-1.14.jar 58979"/>
    <property name="native.encoding" value="Cp1252"/>
    <property name="Path" value="C:\Program Files\Java\jdk-17/bin;C:\Program Files\Common Files\Oracle\Java\javapath;C:\Program Files (x86)\Common Files\Oracle\Java\javapath;C:\WINDOWS\system32;C:\WINDOWS;C:\WINDOWS\System32\Wbem;C:\WINDOWS\System32\WindowsPowerShell\v1.0\;C:\WINDOWS\System32\OpenSSH\;C:\Program Files\dotnet\;C:\maven\apache-maven-3.9.4\bin;C:\Program Files\Git\cmd;C:\Program Files\nodejs\;C:\Android\platform-tools;C:\Android\cmdline-tools\tools\bin;;C:\Program Files\HP\HP One Agent;C:\Program Files\Java\jdk-17\bin;C:\Users\rajya\AppData\Local\Microsoft\WindowsApps;C:\Users\rajya\AppData\Roaming\npm"/>
    <property name="jdk.debug" value="release"/>
    <property name="PROCESSOR_ARCHITECTURE" value="AMD64"/>
    <property name="java.vm.specification.name" value="Java Virtual Machine Specification"/>
    <property name="jansi.mode" value="strip"/>
    <property name="PATH+JDK" value="C:\Program Files\Java\jdk-17/bin"/>
    <property name="SESSIONNAME" value="Console"/>
    <property name="PROCESSOR_IDENTIFIER" value="Intel64 Family 6 Model 154 Stepping 4, GenuineIntel"/>
    <property name="java.vm.specification.version" value="17"/>
    <property name="M2_HOME" value="C:\maven\apache-maven-3.9.4"/>
    <property name="sun.cpu.endian" value="little"/>
    <property name="sun.os.patch.level" value=""/>
    <property name="OS" value="Windows_NT"/>
    <property name="CI" value="true"/>
    <property name="java.io.tmpdir" value="C:\Users\rajya\AppData\Local\Temp\"/>
    <property name="HUDSON_HOME" value="C:\Users\rajya\.jenkins"/>
    <property name="PATH+MAVEN" value="C:\maven\apache-maven-3.9.4/bin"/>
    <property name="ProgramFiles(x86)" value="C:\Program Files (x86)"/>
    <property name="java.vendor.url.bug" value="https://bugreport.java.com/bugreport/"/>
    <property name="BUILD_URL" value="http://localhost:8080/rajtest083/job/Setup%20Maven%20Job/19/"/>
    <property name="SystemRoot" value="C:\WINDOWS"/>
    <property name="os.arch" value="amd64"/>
    <property name="user.dir" value="C:\Users\rajya\eclipse-workspace\Selenium_Prep_Java"/>
    <property name="JOB_URL" value="http://localhost:8080/rajtest083/job/Setup%20Maven%20Job/"/>
    <property name="LOGONSERVER" value="\\PRIYAANSH"/>
    <property name="USERDOMAIN" value="PRIYAANSH"/>
    <property name="line.separator" value="&#10;"/>
    <property name="java.vm.name" value="Java HotSpot(TM) 64-Bit Server VM"/>
    <property name="BUILD_NUMBER" value="19"/>
    <property name="PROCESSOR_REVISION" value="9a04"/>
    <property name="ANDROID_HOME" value="C:\Android"/>
    <property name="JENKINS_URL" value="http://localhost:8080/rajtest083/"/>
    <property name="UIPATH_TASK_MINING_PATH" value="C:\Users\rajya\AppData\Local\Programs\UiPath Task Mining\UiPath Task Mining.exe"/>
    <property name="ProgramW6432" value="C:\Program Files"/>
    <property name="windir" value="C:\WINDOWS"/>
    <property name="=C:" value="C:\Users\rajya\Personal\Softwares"/>
    <property name="file.encoding" value="Cp1252"/>
    <property name="SystemDrive" value="C:"/>
    <property name="maven3.interceptor" value="C:\Users\rajya\.jenkins\plugins\maven-plugin\WEB-INF\lib\maven35-interceptor-1.14.jar"/>
    <property name="WORKSPACE_TMP" value="C:\Users\rajya\.jenkins\workspace\Setup Maven Job@tmp"/>
    <property name="UIPATH_USER_SERVICE_PATH" value="C:\Users\rajya\AppData\Local\Programs\UiPath\Studio\UiPath.Service.UserHost.exe"/>
    <property name="WORKSPACE" value="C:\Users\rajya\.jenkins\workspace\Setup Maven Job"/>
    <property name="maven3.interceptor.common" value="C:\Users\rajya\.jenkins\plugins\maven-plugin\WEB-INF\lib\maven3-interceptor-commons-1.14.jar"/>
    <property name="PSModulePath" value="C:\Program Files\WindowsPowerShell\Modules;C:\WINDOWS\system32\WindowsPowerShell\v1.0\Modules"/>
    <property name="java.specification.version" value="17"/>
    <property name="DriverData" value="C:\Windows\System32\Drivers\DriverData"/>
  </properties>
  <testcase name="Test5" classname="test.java.testscripts.Test_Login2" time="8.597"/>
  <testcase name="Test1" classname="test.java.testscripts.Test_Login" time="10.58"/>
</testsuite>