<?xml version="1.0" encoding="UTF-8"?>
<!-- Generated by org.testng.reporters.JUnitReportReporter -->
<testsuite hostname="Priyaansh" failures="0" tests="1" name="test.Test_Login2" time="15.316" errors="0" timestamp="2024-02-09T12:00:13 IST" skipped="0">
  <testcase classname="test.Test_Login2" name="Test2" time="15.316"/>
</testsuite> <!-- test.Test_Login2 -->
