<?xml version="1.0" encoding="UTF-8"?>
<!-- Generated by org.testng.reporters.JUnitReportReporter -->
<testsuite hostname="Priyaansh" failures="0" tests="1" name="test.java.testscripts.Test_Login2" time="9.686" errors="0" timestamp="2024-02-09T18:18:47 IST" skipped="0">
  <testcase classname="test.java.testscripts.Test_Login2" name="Test5" time="9.686"/>
</testsuite> <!-- test.java.testscripts.Test_Login2 -->
