<?xml version="1.0" encoding="UTF-8"?>
<!-- Generated by org.testng.reporters.JUnitReportReporter -->
<testsuite hostname="Priyaansh" failures="0" tests="1" name="scripttest.Test_Login2" time="7.672" errors="0" timestamp="2024-02-07T03:22:01 IST" skipped="0">
  <testcase classname="scripttest.Test_Login2" name="Test2" time="7.672"/>
</testsuite> <!-- scripttest.Test_Login2 -->
