<?xml version="1.0" encoding="UTF-8"?>
<!-- Generated by org.testng.reporters.JUnitReportReporter -->
<testsuite hostname="Priyaansh" failures="0" tests="1" name="testScripts.Test_Login" time="11.203" errors="0" timestamp="2024-02-06T23:53:00 IST" skipped="0">
  <testcase classname="testScripts.Test_Login" name="Test1" time="11.203"/>
</testsuite> <!-- testScripts.Test_Login -->
