<?xml version="1.0" encoding="UTF-8"?>
<!-- Generated by org.testng.reporters.JUnitReportReporter -->
<testsuite hostname="Priyaansh" failures="0" tests="1" name="scripts.Test_Login2" time="9.145" errors="0" timestamp="2024-02-09T11:36:56 IST" skipped="0">
  <testcase classname="scripts.Test_Login2" name="Test2" time="9.145"/>
</testsuite> <!-- scripts.Test_Login2 -->
