<?xml version="1.0" encoding="UTF-8"?>
<!-- Generated by org.testng.reporters.JUnitReportReporter -->
<testsuite hostname="Priyaansh" failures="0" tests="1" name="scripttest.Test_Login" time="11.336" errors="0" timestamp="2024-02-07T02:57:49 IST" skipped="0">
  <testcase classname="scripttest.Test_Login" name="Test1" time="11.336"/>
</testsuite> <!-- scripttest.Test_Login -->
