<?xml version="1.0" encoding="UTF-8"?>
<!-- Generated by org.testng.reporters.JUnitReportReporter -->
<testsuite hostname="Priyaansh" failures="0" tests="1" name="test.java.testscripts.Test_Login" time="10.571" errors="0" timestamp="2024-09-09T23:00:56 IST" skipped="0">
  <testcase classname="test.java.testscripts.Test_Login" name="Test1" time="10.571"/>
</testsuite> <!-- test.java.testscripts.Test_Login -->
