<?xml version="1.0" encoding="UTF-8"?>
<!-- Generated by org.testng.reporters.JUnitReportReporter -->
<testsuite hostname="Priyaansh" failures="0" tests="1" name="testscripts.Test_Login2" time="10.052" errors="0" timestamp="2024-02-09T15:35:34 IST" skipped="0">
  <testcase classname="testscripts.Test_Login2" name="Test2" time="10.052"/>
</testsuite> <!-- testscripts.Test_Login2 -->
