<?xml version="1.0" encoding="UTF-8"?>
<!-- Generated by org.testng.reporters.JUnitReportReporter -->
<testsuite hostname="Priyaansh" failures="0" tests="1" name="test.java.testscripts.Test_Login" time="8.767" errors="0" timestamp="2024-02-15T02:15:22 IST" skipped="0">
  <testcase classname="test.java.testscripts.Test_Login" name="Test1" time="8.767"/>
</testsuite> <!-- test.java.testscripts.Test_Login -->
