<?xml version="1.0" encoding="UTF-8"?>
<!-- Generated by org.testng.reporters.JUnitReportReporter -->
<testsuite hostname="Priyaansh" failures="0" tests="1" name="testscripts.Test_Login" time="16.181" errors="0" timestamp="2024-02-09T15:35:34 IST" skipped="0">
  <testcase classname="testscripts.Test_Login" name="Test1" time="16.181"/>
</testsuite> <!-- testscripts.Test_Login -->
