<?xml version="1.0" encoding="UTF-8"?>
<!-- Generated by org.testng.reporters.JUnitReportReporter -->
<testsuite hostname="Priyaansh" failures="0" tests="1" name="test.java.testscripts.Test_Login" time="11.246" errors="0" timestamp="2024-02-09T18:27:05 IST" skipped="0">
  <testcase classname="test.java.testscripts.Test_Login" name="Test1" time="11.246"/>
</testsuite> <!-- test.java.testscripts.Test_Login -->
