<?xml version="1.0" encoding="UTF-8"?>
<!-- Generated by org.testng.reporters.JUnitReportReporter -->
<testsuite hostname="Priyaansh" failures="0" tests="1" name="testscripts.Test_Login" time="11.366" errors="0" timestamp="2024-02-09T17:20:50 IST" skipped="0">
  <testcase classname="testscripts.Test_Login" name="Test1" time="11.366"/>
</testsuite> <!-- testscripts.Test_Login -->
