<?xml version="1.0" encoding="UTF-8"?>
<!-- Generated by org.testng.reporters.JUnitReportReporter -->
<testsuite hostname="Priyaansh" failures="0" tests="1" name="testscripts.Test_Login2" time="12.143" errors="0" timestamp="2024-02-09T12:17:48 IST" skipped="0">
  <testcase classname="testscripts.Test_Login2" name="Test2" time="12.143"/>
</testsuite> <!-- testscripts.Test_Login2 -->
